           _                 _    
  __ _  __| |_ __ __ _ _ __ | |_  
 / _` |/ _` | '__/ _` | '_ \| __| 
| (_| | (_| | | | (_| | | | | |_  
 \__, |\__,_|_|  \__,_|_| |_|\__| 
    |_|                           

Version: 1.11.4, build: d8b6e4a0
Access web UI at http://localhost:6333/dashboard

2024-09-23T10:22:39.436762Z  INFO storage::content_manager::consensus::persistent: Loading raft state from ./storage/raft_state.json    
2024-09-23T10:22:39.436896Z DEBUG storage::content_manager::consensus::persistent: State: Persistent { state: RaftState { hard_state: HardState { term: 0, vote: 0, commit: 0 }, conf_state: ConfState { voters: [8618205327053504], learners: [], voters_outgoing: [], learners_next: [], auto_leave: false } }, latest_snapshot_meta: SnapshotMetadataSer { term: 0, index: 0 }, apply_progress_queue: EntryApplyProgressQueue(None), peer_address_by_id: RwLock { data: {} }, peer_metadata_by_id: RwLock { data: {} }, cluster_metadata: {}, this_peer_id: 8618205327053504, path: "./storage/raft_state.json", dirty: false }    
2024-09-23T10:22:39.459542Z  INFO storage::content_manager::toc: Loading collection: default    
2024-09-23T10:22:39.548581Z  INFO collection::shards::local_shard: Recovering collection default: 0/1 (0%)    
2024-09-23T10:22:39.563640Z  INFO collection::shards::local_shard: Recovered collection default: 1/1 (100%)    
2024-09-23T10:22:39.565305Z DEBUG qdrant: Loaded collection: default    
2024-09-23T10:22:39.565325Z  INFO qdrant: Distributed mode disabled    
2024-09-23T10:22:39.565340Z  INFO qdrant: Telemetry reporting disabled    
2024-09-23T10:22:39.565515Z DEBUG qdrant: Waiting for thread web to finish    
2024-09-23T10:22:39.566236Z  WARN qdrant::actix::web_ui: Static content folder for Web UI './static' does not exist    
2024-09-23T10:22:39.566623Z  INFO qdrant::actix: TLS disabled for REST API    
2024-09-23T10:22:39.566651Z  INFO qdrant::actix: Qdrant HTTP listening on 6333    
2024-09-23T10:22:39.566658Z  INFO actix_server::builder: Starting 11 workers
2024-09-23T10:22:39.566663Z  INFO actix_server::server: Actix runtime found; starting in Actix runtime
2024-09-23T10:22:39.570145Z  INFO qdrant::tonic: Qdrant gRPC listening on 6334    
2024-09-23T10:22:39.570164Z  INFO qdrant::tonic: TLS disabled for gRPC API    
2024-09-23T10:22:49.446315Z  INFO storage::content_manager::toc::collection_meta_ops: Deleting collection default    
2024-09-23T10:22:49.447361Z DEBUG collection::update_handler: Stopping flush worker.    
2024-09-23T10:22:49.452293Z  INFO actix_web::middleware::logger: 127.0.0.1 "DELETE /collections/default HTTP/1.1" 200 48 "-" "curl/7.81.0" 0.006074    
2024-09-23T10:23:11.910817Z DEBUG storage::content_manager::snapshots::recover: Downloading snapshot from file:///home/san/gaianet/qdrant/snapshots/default/default.snapshot to /home/san/gaianet/qdrant/./snapshots/tmp/download-V75arV    
2024-09-23T10:23:11.910893Z DEBUG storage::content_manager::snapshots::recover: Snapshot downloaded to /home/san/gaianet/qdrant/snapshots/default/default.snapshot    
2024-09-23T10:23:11.911081Z DEBUG storage::content_manager::snapshots::recover: Recovering collection default from snapshot /home/san/gaianet/qdrant/snapshots/default/default.snapshot    
2024-09-23T10:23:11.911085Z DEBUG storage::content_manager::snapshots::recover: Unpacking snapshot to /home/san/gaianet/qdrant/./storage/tmp/col-default-recovery-ln5tN2    
2024-09-23T10:23:13.179233Z DEBUG storage::content_manager::snapshots::recover: Collection default does not exist, creating it    
2024-09-23T10:23:13.179273Z  INFO storage::content_manager::toc::collection_meta_ops: Creating collection default    
2024-09-23T10:23:13.494654Z DEBUG collection::collection: Changing shard default:0 replica state from Some(Initializing) to Active    
2024-09-23T10:23:13.494683Z DEBUG collection::shards::replica_set: Changing local shard default:0 state from Some(Initializing) to Active    
2024-09-23T10:23:13.499563Z DEBUG storage::content_manager::snapshots::recover: Recovering shard 0 from /home/san/gaianet/qdrant/./storage/tmp/col-default-recovery-ln5tN2/0    
2024-09-23T10:23:13.499936Z DEBUG collection::update_handler: Stopping flush worker.    
2024-09-23T10:23:13.753246Z  INFO collection::shards::local_shard: Recovering collection default: 0/20 (0%)    
2024-09-23T10:23:13.815988Z  INFO collection::shards::local_shard: Recovered collection default: 20/20 (100%)    
2024-09-23T10:23:13.818468Z DEBUG storage::content_manager::snapshots::recover: Activating shard 0 of collection default locally    
2024-09-23T10:23:13.818503Z DEBUG collection::collection: Changing shard default:0 replica state from Some(Active) to Active    
2024-09-23T10:23:13.818514Z DEBUG collection::shards::replica_set: Changing local shard default:0 state from Some(Active) to Active    
2024-09-23T10:23:13.824023Z  INFO actix_web::middleware::logger: 127.0.0.1 "POST /collections/default/snapshots/upload?priority=snapshot HTTP/1.1" 200 48 "-" "curl/7.81.0" 2.307528    
2024-09-23T10:23:18.856579Z  INFO actix_server::server: SIGTERM received; starting graceful shutdown
2024-09-23T10:23:18.856582Z DEBUG qdrant::tonic: Stopping gRPC service on SIGTERM    
2024-09-23T10:23:18.856679Z  INFO actix_server::worker: Shutting down idle worker
2024-09-23T10:23:18.856695Z  INFO actix_server::worker: Shutting down idle worker
2024-09-23T10:23:18.856705Z DEBUG actix_server::accept: Paused accepting connections on 127.0.0.1:6333
2024-09-23T10:23:18.856734Z  INFO actix_server::accept: Accept thread stopped
2024-09-23T10:23:18.856733Z  INFO actix_server::worker: Shutting down idle worker
2024-09-23T10:23:18.856754Z  INFO actix_server::worker: Shutting down idle worker
2024-09-23T10:23:18.856688Z  INFO actix_server::worker: Shutting down idle worker
2024-09-23T10:23:18.856789Z  INFO actix_server::worker: Shutting down idle worker
2024-09-23T10:23:18.856778Z  INFO actix_server::worker: Shutting down idle worker
2024-09-23T10:23:18.856829Z  INFO actix_server::worker: Shutting down idle worker
2024-09-23T10:23:18.856851Z  INFO actix_server::worker: Shutting down idle worker
2024-09-23T10:23:18.856973Z  INFO actix_server::worker: Shutting down idle worker
2024-09-23T10:23:18.856736Z  INFO actix_server::worker: Shutting down idle worker
2024-09-23T10:23:19.159051Z DEBUG qdrant: Waiting for thread grpc to finish    
2024-09-23T10:23:19.160180Z DEBUG collection::update_handler: Stopping flush worker.    
